[INFO] Scanning for projects...
[INFO] 
[INFO] ------------------< com.example:meeting-room-system >-------------------
[INFO] Building meeting-room-system 0.0.1-SNAPSHOT
[INFO]   from pom.xml
[INFO] --------------------------------[ jar ]---------------------------------
[INFO] 
[INFO] >>> spring-boot:3.2.5:run (default-cli) > test-compile @ meeting-room-system >>>
[INFO] 
[INFO] --- resources:3.3.1:resources (default-resources) @ meeting-room-system ---
[INFO] Copying 1 resource from src\main\resources to target\classes
[INFO] Copying 0 resource from src\main\resources to target\classes
[INFO] 
[INFO] --- compiler:3.11.0:compile (default-compile) @ meeting-room-system ---
[INFO] Changes detected - recompiling the module! :input tree
[INFO] Compiling 38 source files with javac [debug release 21] to target\classes
[INFO] ė╔ė┌į┌└Ó┬ĘŠČųąĘóŽų┴╦ę╗Ė÷╗“ČÓĖ÷┤”└Ē│╠ą“Ż¼ę“┤╦Ų¶ė├┴╦
  ┼·ūó┤”└ĒĪŻ╬┤└┤Ęóąą░µĄ─ javac ┐╔─▄╗ßĮ¹ė├┼·ūó┤”└ĒŻ¼
  │²ĘŪų┴╔┘░┤├¹│ŲųĖČ©┴╦ę╗Ė÷┤”└Ē│╠ą“ (-processor)Ż¼
  ╗“ųĖČ©┴╦╦č╦„┬ĘŠČ (--processor-path, --processor-module-path)Ż¼
  ╗“Žį╩ĮŲ¶ė├┴╦┼·ūó┤”└Ē (-proc:only, -proc:full)ĪŻ
  ┐╔╩╣ė├ -Xlint:-options ę■▓ž┤╦Ž¹ŽóĪŻ
  ┐╔╩╣ė├ -proc:none Į¹ė├┼·ūó┤”└ĒĪŻ
[WARNING] /E:/╦ĮėąįŲ/Ė÷╚╦ŽŅ─┐/backend/src/main/java/com/example/mrs/room/dto/RoomDtos.java:[29,3] Generating equals/hashCode implementation but without a call to superclass, even though this class does not extend java.lang.Object. If this is intentional, add '@EqualsAndHashCode(callSuper=false)' to your type.
[INFO] 
[INFO] --- resources:3.3.1:testResources (default-testResources) @ meeting-room-system ---
[INFO] skip non existing resourceDirectory E:\╦ĮėąįŲ\Ė÷╚╦ŽŅ─┐\backend\src\test\resources
[INFO] 
[INFO] --- compiler:3.11.0:testCompile (default-testCompile) @ meeting-room-system ---
[INFO] No sources to compile
[INFO] 
[INFO] <<< spring-boot:3.2.5:run (default-cli) < test-compile @ meeting-room-system <<<
[INFO] 
[INFO] 
[INFO] --- spring-boot:3.2.5:run (default-cli) @ meeting-room-system ---
[INFO] Attaching agents: []

  .   ____          _            __ _ _
 /\\ / ___'_ __ _ _(_)_ __  __ _ \ \ \ \
( ( )\___ | '_ | '_| | '_ \/ _` | \ \ \ \
 \\/  ___)| |_)| | | | | || (_| |  ) ) ) )
  '  |____| .__|_| |_|_| |_\__, | / / / /
 =========|_|==============|___/=/_/_/_/
 :: Spring Boot ::                (v3.2.5)

2026-03-24T11:38:47.091+08:00  INFO 22084 --- [meeting-room-system] [           main] c.e.mrs.MeetingRoomSystemApplication     : Starting MeetingRoomSystemApplication using Java 21.0.4 with PID 22084 (E:\ń¦üµ£ēõ║æ\õĖ¬õ║║ķĪ╣ńø«\backend\target\classes started by ZYN in E:\ń¦üµ£ēõ║æ\õĖ¬õ║║ķĪ╣ńø«\backend)
2026-03-24T11:38:47.092+08:00  INFO 22084 --- [meeting-room-system] [           main] c.e.mrs.MeetingRoomSystemApplication     : No active profile set, falling back to 1 default profile: "default"
2026-03-24T11:38:47.676+08:00  INFO 22084 --- [meeting-room-system] [           main] .s.d.r.c.RepositoryConfigurationDelegate : Multiple Spring Data modules found, entering strict repository configuration mode
2026-03-24T11:38:47.680+08:00  INFO 22084 --- [meeting-room-system] [           main] .s.d.r.c.RepositoryConfigurationDelegate : Bootstrapping Spring Data Redis repositories in DEFAULT mode.
2026-03-24T11:38:47.706+08:00  INFO 22084 --- [meeting-room-system] [           main] .s.d.r.c.RepositoryConfigurationDelegate : Finished Spring Data repository scanning in 10 ms. Found 0 Redis repository interfaces.
2026-03-24T11:38:48.221+08:00  INFO 22084 --- [meeting-room-system] [           main] o.s.b.w.embedded.tomcat.TomcatWebServer  : Tomcat initialized with port 8080 (http)
2026-03-24T11:38:48.227+08:00  INFO 22084 --- [meeting-room-system] [           main] o.apache.catalina.core.StandardService   : Starting service [Tomcat]
2026-03-24T11:38:48.227+08:00  INFO 22084 --- [meeting-room-system] [           main] o.apache.catalina.core.StandardEngine    : Starting Servlet engine: [Apache Tomcat/10.1.20]
2026-03-24T11:38:48.281+08:00  INFO 22084 --- [meeting-room-system] [           main] o.a.c.c.C.[Tomcat].[localhost].[/]       : Initializing Spring embedded WebApplicationContext
2026-03-24T11:38:48.281+08:00  INFO 22084 --- [meeting-room-system] [           main] w.s.c.ServletWebServerApplicationContext : Root WebApplicationContext: initialization completed in 1153 ms
 _ _   |_  _ _|_. ___ _ |    _ 
| | |\/|_)(_| | |_\  |_)||_|_\ 
     /               |         
                        3.5.9 
2026-03-24T11:38:49.113+08:00  INFO 22084 --- [meeting-room-system] [           main] o.s.s.web.DefaultSecurityFilterChain     : Will secure any request with [org.springframework.security.web.session.DisableEncodeUrlFilter@1e5aacd9, org.springframework.security.web.context.request.async.WebAsyncManagerIntegrationFilter@7d90644f, org.springframework.security.web.context.SecurityContextHolderFilter@324e8baa, org.springframework.security.web.header.HeaderWriterFilter@154864f8, org.springframework.web.filter.CorsFilter@f810c18, org.springframework.security.web.authentication.logout.LogoutFilter@144e36ae, com.example.mrs.security.JwtAuthFilter@59f3426f, org.springframework.security.web.savedrequest.RequestCacheAwareFilter@604f376a, org.springframework.security.web.servletapi.SecurityContextHolderAwareRequestFilter@5432dca2, org.springframework.security.web.authentication.AnonymousAuthenticationFilter@120411ec, org.springframework.security.web.session.SessionManagementFilter@710afd47, org.springframework.security.web.access.ExceptionTranslationFilter@57f2e67, org.springframework.security.web.access.intercept.AuthorizationFilter@3fc1abf]
2026-03-24T11:38:49.389+08:00  INFO 22084 --- [meeting-room-system] [           main] o.s.b.w.embedded.tomcat.TomcatWebServer  : Tomcat started on port 8080 (http) with context path ''
2026-03-24T11:38:49.393+08:00  INFO 22084 --- [meeting-room-system] [           main] c.e.mrs.MeetingRoomSystemApplication     : Started MeetingRoomSystemApplication in 2.68 seconds (process running for 2.993)
2026-03-24T11:38:49.484+08:00  INFO 22084 --- [meeting-room-system] [           main] com.zaxxer.hikari.HikariDataSource       : HikariPool-1 - Starting...
2026-03-24T11:38:50.801+08:00 ERROR 22084 --- [meeting-room-system] [           main] com.zaxxer.hikari.pool.HikariPool        : HikariPool-1 - Exception during pool initialization.

java.sql.SQLException: Access denied for user 'root'@'localhost' (using password: YES)
	at com.mysql.cj.jdbc.exceptions.SQLError.createSQLException(SQLError.java:130) ~[mysql-connector-j-8.3.0.jar:8.3.0]
	at com.mysql.cj.jdbc.exceptions.SQLExceptionsMapping.translateException(SQLExceptionsMapping.java:122) ~[mysql-connector-j-8.3.0.jar:8.3.0]
	at com.mysql.cj.jdbc.ConnectionImpl.createNewIO(ConnectionImpl.java:815) ~[mysql-connector-j-8.3.0.jar:8.3.0]
	at com.mysql.cj.jdbc.ConnectionImpl.<init>(ConnectionImpl.java:438) ~[mysql-connector-j-8.3.0.jar:8.3.0]
	at com.mysql.cj.jdbc.ConnectionImpl.getInstance(ConnectionImpl.java:241) ~[mysql-connector-j-8.3.0.jar:8.3.0]
	at com.mysql.cj.jdbc.NonRegisteringDriver.connect(NonRegisteringDriver.java:189) ~[mysql-connector-j-8.3.0.jar:8.3.0]
	at com.zaxxer.hikari.util.DriverDataSource.getConnection(DriverDataSource.java:138) ~[HikariCP-5.0.1.jar:na]
	at com.zaxxer.hikari.pool.PoolBase.newConnection(PoolBase.java:359) ~[HikariCP-5.0.1.jar:na]
	at com.zaxxer.hikari.pool.PoolBase.newPoolEntry(PoolBase.java:201) ~[HikariCP-5.0.1.jar:na]
	at com.zaxxer.hikari.pool.HikariPool.createPoolEntry(HikariPool.java:470) ~[HikariCP-5.0.1.jar:na]
	at com.zaxxer.hikari.pool.HikariPool.checkFailFast(HikariPool.java:561) ~[HikariCP-5.0.1.jar:na]
	at com.zaxxer.hikari.pool.HikariPool.<init>(HikariPool.java:100) ~[HikariCP-5.0.1.jar:na]
	at com.zaxxer.hikari.HikariDataSource.getConnection(HikariDataSource.java:112) ~[HikariCP-5.0.1.jar:na]
	at org.springframework.jdbc.datasource.DataSourceUtils.fetchConnection(DataSourceUtils.java:160) ~[spring-jdbc-6.1.6.jar:6.1.6]
	at org.springframework.jdbc.datasource.DataSourceUtils.doGetConnection(DataSourceUtils.java:118) ~[spring-jdbc-6.1.6.jar:6.1.6]
	at org.springframework.jdbc.datasource.DataSourceUtils.getConnection(DataSourceUtils.java:81) ~[spring-jdbc-6.1.6.jar:6.1.6]
	at org.mybatis.spring.transaction.SpringManagedTransaction.openConnection(SpringManagedTransaction.java:80) ~[mybatis-spring-3.0.3.jar:3.0.3]
	at org.mybatis.spring.transaction.SpringManagedTransaction.getConnection(SpringManagedTransaction.java:67) ~[mybatis-spring-3.0.3.jar:3.0.3]
	at org.apache.ibatis.executor.BaseExecutor.getConnection(BaseExecutor.java:348) ~[mybatis-3.5.16.jar:3.5.16]
	at org.apache.ibatis.executor.SimpleExecutor.prepareStatement(SimpleExecutor.java:89) ~[mybatis-3.5.16.jar:3.5.16]
	at org.apache.ibatis.executor.SimpleExecutor.doQuery(SimpleExecutor.java:64) ~[mybatis-3.5.16.jar:3.5.16]
	at org.apache.ibatis.executor.BaseExecutor.queryFromDatabase(BaseExecutor.java:336) ~[mybatis-3.5.16.jar:3.5.16]
	at org.apache.ibatis.executor.BaseExecutor.query(BaseExecutor.java:158) ~[mybatis-3.5.16.jar:3.5.16]
	at org.apache.ibatis.executor.CachingExecutor.query(CachingExecutor.java:110) ~[mybatis-3.5.16.jar:3.5.16]
	at com.baomidou.mybatisplus.extension.plugins.MybatisPlusInterceptor.intercept(MybatisPlusInterceptor.java:81) ~[mybatis-plus-extension-3.5.9.jar:3.5.9]
	at org.apache.ibatis.plugin.Plugin.invoke(Plugin.java:59) ~[mybatis-3.5.16.jar:3.5.16]
	at jdk.proxy2/jdk.proxy2.$Proxy105.query(Unknown Source) ~[na:na]
	at org.apache.ibatis.session.defaults.DefaultSqlSession.selectList(DefaultSqlSession.java:154) ~[mybatis-3.5.16.jar:3.5.16]
	at org.apache.ibatis.session.defaults.DefaultSqlSession.selectList(DefaultSqlSession.java:147) ~[mybatis-3.5.16.jar:3.5.16]
	at org.apache.ibatis.session.defaults.DefaultSqlSession.selectList(DefaultSqlSession.java:142) ~[mybatis-3.5.16.jar:3.5.16]
	at java.base/jdk.internal.reflect.DirectMethodHandleAccessor.invoke(DirectMethodHandleAccessor.java:103) ~[na:na]
	at java.base/java.lang.reflect.Method.invoke(Method.java:580) ~[na:na]
	at org.mybatis.spring.SqlSessionTemplate$SqlSessionInterceptor.invoke(SqlSessionTemplate.java:425) ~[mybatis-spring-3.0.3.jar:3.0.3]
	at jdk.proxy2/jdk.proxy2.$Proxy78.selectList(Unknown Source) ~[na:na]
	at org.mybatis.spring.SqlSessionTemplate.selectList(SqlSessionTemplate.java:224) ~[mybatis-spring-3.0.3.jar:3.0.3]
	at com.baomidou.mybatisplus.core.override.MybatisMapperMethod.executeForMany(MybatisMapperMethod.java:164) ~[mybatis-plus-core-3.5.9.jar:3.5.9]
	at com.baomidou.mybatisplus.core.override.MybatisMapperMethod.execute(MybatisMapperMethod.java:77) ~[mybatis-plus-core-3.5.9.jar:3.5.9]
	at com.baomidou.mybatisplus.core.override.MybatisMapperProxy$PlainMethodInvoker.invoke(MybatisMapperProxy.java:152) ~[mybatis-plus-core-3.5.9.jar:3.5.9]
	at com.baomidou.mybatisplus.core.override.MybatisMapperProxy.invoke(MybatisMapperProxy.java:89) ~[mybatis-plus-core-3.5.9.jar:3.5.9]
	at jdk.proxy2/jdk.proxy2.$Proxy81.selectList(Unknown Source) ~[na:na]
	at com.baomidou.mybatisplus.core.mapper.BaseMapper.selectOne(BaseMapper.java:332) ~[mybatis-plus-core-3.5.9.jar:3.5.9]
	at java.base/java.lang.invoke.MethodHandle.invokeWithArguments(MethodHandle.java:733) ~[na:na]
	at com.baomidou.mybatisplus.core.override.MybatisMapperProxy$DefaultMethodInvoker.invoke(MybatisMapperProxy.java:166) ~[mybatis-plus-core-3.5.9.jar:3.5.9]
	at com.baomidou.mybatisplus.core.override.MybatisMapperProxy.invoke(MybatisMapperProxy.java:89) ~[mybatis-plus-core-3.5.9.jar:3.5.9]
	at jdk.proxy2/jdk.proxy2.$Proxy81.selectOne(Unknown Source) ~[na:na]
	at com.baomidou.mybatisplus.core.mapper.BaseMapper.selectOne(BaseMapper.java:321) ~[mybatis-plus-core-3.5.9.jar:3.5.9]
	at java.base/java.lang.invoke.MethodHandle.invokeWithArguments(MethodHandle.java:733) ~[na:na]
	at com.baomidou.mybatisplus.core.override.MybatisMapperProxy$DefaultMethodInvoker.invoke(MybatisMapperProxy.java:166) ~[mybatis-plus-core-3.5.9.jar:3.5.9]
	at com.baomidou.mybatisplus.core.override.MybatisMapperProxy.invoke(MybatisMapperProxy.java:89) ~[mybatis-plus-core-3.5.9.jar:3.5.9]
	at jdk.proxy2/jdk.proxy2.$Proxy81.selectOne(Unknown Source) ~[na:na]
	at com.example.mrs.bootstrap.BootstrapAdminRunner.run(BootstrapAdminRunner.java:33) ~[classes/:na]
	at org.springframework.boot.SpringApplication.lambda$callRunner$4(SpringApplication.java:786) ~[spring-boot-3.2.5.jar:3.2.5]
	at org.springframework.util.function.ThrowingConsumer$1.acceptWithException(ThrowingConsumer.java:83) ~[spring-core-6.1.6.jar:6.1.6]
	at org.springframework.util.function.ThrowingConsumer.accept(ThrowingConsumer.java:60) ~[spring-core-6.1.6.jar:6.1.6]
	at org.springframework.util.function.ThrowingConsumer$1.accept(ThrowingConsumer.java:88) ~[spring-core-6.1.6.jar:6.1.6]
	at org.springframework.boot.SpringApplication.callRunner(SpringApplication.java:798) ~[spring-boot-3.2.5.jar:3.2.5]
	at org.springframework.boot.SpringApplication.callRunner(SpringApplication.java:786) ~[spring-boot-3.2.5.jar:3.2.5]
	at org.springframework.boot.SpringApplication.lambda$callRunners$3(SpringApplication.java:774) ~[spring-boot-3.2.5.jar:3.2.5]
	at java.base/java.util.stream.ForEachOps$ForEachOp$OfRef.accept(ForEachOps.java:184) ~[na:na]
	at java.base/java.util.stream.SortedOps$SizedRefSortingSink.end(SortedOps.java:357) ~[na:na]
	at java.base/java.util.stream.AbstractPipeline.copyInto(AbstractPipeline.java:510) ~[na:na]
	at java.base/java.util.stream.AbstractPipeline.wrapAndCopyInto(AbstractPipeline.java:499) ~[na:na]
	at java.base/java.util.stream.ForEachOps$ForEachOp.evaluateSequential(ForEachOps.java:151) ~[na:na]
	at java.base/java.util.stream.ForEachOps$ForEachOp$OfRef.evaluateSequential(ForEachOps.java:174) ~[na:na]
	at java.base/java.util.stream.AbstractPipeline.evaluate(AbstractPipeline.java:234) ~[na:na]
	at java.base/java.util.stream.ReferencePipeline.forEach(ReferencePipeline.java:596) ~[na:na]
	at org.springframework.boot.SpringApplication.callRunners(SpringApplication.java:774) ~[spring-boot-3.2.5.jar:3.2.5]
	at org.springframework.boot.SpringApplication.run(SpringApplication.java:341) ~[spring-boot-3.2.5.jar:3.2.5]
	at org.springframework.boot.SpringApplication.run(SpringApplication.java:1354) ~[spring-boot-3.2.5.jar:3.2.5]
	at org.springframework.boot.SpringApplication.run(SpringApplication.java:1343) ~[spring-boot-3.2.5.jar:3.2.5]
	at com.example.mrs.MeetingRoomSystemApplication.main(MeetingRoomSystemApplication.java:12) ~[classes/:na]

2026-03-24T11:38:50.804+08:00  WARN 22084 --- [meeting-room-system] [           main] c.e.mrs.bootstrap.BootstrapAdminRunner   : Bootstrap admin skipped (db not ready): null
