[INFO] Scanning for projects...
[INFO] 
[INFO] ------------------< com.example:meeting-room-system >-------------------
[INFO] Building meeting-room-system 0.0.1-SNAPSHOT
[INFO]   from pom.xml
[INFO] --------------------------------[ jar ]---------------------------------
[INFO] 
[INFO] >>> spring-boot:3.2.5:run (default-cli) > test-compile @ meeting-room-system >>>
[INFO] 
[INFO] --- resources:3.3.1:resources (default-resources) @ meeting-room-system ---
[INFO] Copying 1 resource from src\main\resources to target\classes
[INFO] Copying 0 resource from src\main\resources to target\classes
[INFO] 
[INFO] --- compiler:3.11.0:compile (default-compile) @ meeting-room-system ---
[INFO] Nothing to compile - all classes are up to date
[INFO] 
[INFO] --- resources:3.3.1:testResources (default-testResources) @ meeting-room-system ---
[INFO] skip non existing resourceDirectory e:\╦ĮėąįŲ\Ė÷╚╦ŽŅ─┐\backend\src\test\resources
[INFO] 
[INFO] --- compiler:3.11.0:testCompile (default-testCompile) @ meeting-room-system ---
[INFO] No sources to compile
[INFO] 
[INFO] <<< spring-boot:3.2.5:run (default-cli) < test-compile @ meeting-room-system <<<
[INFO] 
[INFO] 
[INFO] --- spring-boot:3.2.5:run (default-cli) @ meeting-room-system ---
[INFO] Attaching agents: []

  .   ____          _            __ _ _
 /\\ / ___'_ __ _ _(_)_ __  __ _ \ \ \ \
( ( )\___ | '_ | '_| | '_ \/ _` | \ \ \ \
 \\/  ___)| |_)| | | | | || (_| |  ) ) ) )
  '  |____| .__|_| |_|_| |_\__, | / / / /
 =========|_|==============|___/=/_/_/_/
 :: Spring Boot ::                (v3.2.5)

2026-03-24T11:52:22.772+08:00  INFO 14760 --- [meeting-room-system] [           main] c.e.mrs.MeetingRoomSystemApplication     : Starting MeetingRoomSystemApplication using Java 21.0.4 with PID 14760 (E:\ń¦üµ£ēõ║æ\õĖ¬õ║║ķĪ╣ńø«\backend\target\classes started by ZYN in e:\ń¦üµ£ēõ║æ\õĖ¬õ║║ķĪ╣ńø«\backend)
2026-03-24T11:52:22.773+08:00  INFO 14760 --- [meeting-room-system] [           main] c.e.mrs.MeetingRoomSystemApplication     : No active profile set, falling back to 1 default profile: "default"
2026-03-24T11:52:23.335+08:00  INFO 14760 --- [meeting-room-system] [           main] .s.d.r.c.RepositoryConfigurationDelegate : Multiple Spring Data modules found, entering strict repository configuration mode
2026-03-24T11:52:23.337+08:00  INFO 14760 --- [meeting-room-system] [           main] .s.d.r.c.RepositoryConfigurationDelegate : Bootstrapping Spring Data Redis repositories in DEFAULT mode.
2026-03-24T11:52:23.359+08:00  INFO 14760 --- [meeting-room-system] [           main] .s.d.r.c.RepositoryConfigurationDelegate : Finished Spring Data repository scanning in 9 ms. Found 0 Redis repository interfaces.
2026-03-24T11:52:23.857+08:00  INFO 14760 --- [meeting-room-system] [           main] o.s.b.w.embedded.tomcat.TomcatWebServer  : Tomcat initialized with port 8080 (http)
2026-03-24T11:52:23.868+08:00  INFO 14760 --- [meeting-room-system] [           main] o.apache.catalina.core.StandardService   : Starting service [Tomcat]
2026-03-24T11:52:23.868+08:00  INFO 14760 --- [meeting-room-system] [           main] o.apache.catalina.core.StandardEngine    : Starting Servlet engine: [Apache Tomcat/10.1.20]
2026-03-24T11:52:23.911+08:00  INFO 14760 --- [meeting-room-system] [           main] o.a.c.c.C.[Tomcat].[localhost].[/]       : Initializing Spring embedded WebApplicationContext
2026-03-24T11:52:23.917+08:00  INFO 14760 --- [meeting-room-system] [           main] w.s.c.ServletWebServerApplicationContext : Root WebApplicationContext: initialization completed in 1099 ms
 _ _   |_  _ _|_. ___ _ |    _ 
| | |\/|_)(_| | |_\  |_)||_|_\ 
     /               |         
                        3.5.9 
2026-03-24T11:52:24.725+08:00  INFO 14760 --- [meeting-room-system] [           main] o.s.s.web.DefaultSecurityFilterChain     : Will secure any request with [org.springframework.security.web.session.DisableEncodeUrlFilter@47797401, org.springframework.security.web.context.request.async.WebAsyncManagerIntegrationFilter@702f4124, org.springframework.security.web.context.SecurityContextHolderFilter@5fc7255c, org.springframework.security.web.header.HeaderWriterFilter@460f1cdb, org.springframework.web.filter.CorsFilter@10166230, org.springframework.security.web.authentication.logout.LogoutFilter@64420e34, com.example.mrs.security.JwtAuthFilter@7221539, org.springframework.security.web.savedrequest.RequestCacheAwareFilter@70c205bf, org.springframework.security.web.servletapi.SecurityContextHolderAwareRequestFilter@43ab9ae9, org.springframework.security.web.authentication.AnonymousAuthenticationFilter@b77b0a0, org.springframework.security.web.session.SessionManagementFilter@d8e4250, org.springframework.security.web.access.ExceptionTranslationFilter@11228bee, org.springframework.security.web.access.intercept.AuthorizationFilter@1805ec96]
2026-03-24T11:52:24.978+08:00  INFO 14760 --- [meeting-room-system] [           main] o.s.b.w.embedded.tomcat.TomcatWebServer  : Tomcat started on port 8080 (http) with context path ''
2026-03-24T11:52:24.988+08:00  INFO 14760 --- [meeting-room-system] [           main] c.e.mrs.MeetingRoomSystemApplication     : Started MeetingRoomSystemApplication in 2.562 seconds (process running for 2.87)
2026-03-24T11:52:25.053+08:00  INFO 14760 --- [meeting-room-system] [           main] com.zaxxer.hikari.HikariDataSource       : HikariPool-1 - Starting...
2026-03-24T11:52:25.304+08:00  INFO 14760 --- [meeting-room-system] [           main] com.zaxxer.hikari.pool.HikariPool        : HikariPool-1 - Added connection com.mysql.cj.jdbc.ConnectionImpl@379b4e86
2026-03-24T11:52:25.304+08:00  INFO 14760 --- [meeting-room-system] [           main] com.zaxxer.hikari.HikariDataSource       : HikariPool-1 - Start completed.
2026-03-24T11:52:25.405+08:00  INFO 14760 --- [meeting-room-system] [           main] c.e.mrs.bootstrap.BootstrapAdminRunner   : Bootstrap admin created: admin
2026-03-24T13:00:20.507+08:00  WARN 14760 --- [meeting-room-system] [l-1 housekeeper] com.zaxxer.hikari.pool.HikariPool        : HikariPool-1 - Thread starvation or clock leap detected (housekeeper delta=1h24s966ms903┬Ąs500ns).
2026-03-24T13:01:09.253+08:00  WARN 14760 --- [meeting-room-system] [l-1 housekeeper] com.zaxxer.hikari.pool.HikariPool        : HikariPool-1 - Thread starvation or clock leap detected (housekeeper delta=54s309ms600┬Ąs100ns).
